[2014-03-02 07:53:58][ INFO][19144]>>Client Connect 44-0 >> 127.0.0.1[34029]
[2014-03-02 07:54:02][ INFO][19144]>>Client OnData 42-0 >> 
[2014-03-02 07:54:08][ INFO][19144]>>Client OnData 42-0 >> boardcast -----
[2014-03-02 08:03:30][ INFO][19144]>>Client OnData 44-0 >> 
[2014-03-02 08:03:34][ INFO][19144]>>Client OnData 44-0 >> boardcast
[2014-03-02 08:03:37][ INFO][19144]>>Client OnData 44-0 >> \
[2014-03-02 08:03:44][ INFO][19144]>>Client OnData 44-0 >> boardcast--->
[2014-03-02 08:04:57][ INFO][19144]>>Client OnData 43-0 >> 
[2014-03-02 08:04:57][ INFO][19144]>>Client OnData 43-0 >> 
[2014-03-02 08:04:58][ INFO][19144]>>Client OnData 43-0 >> ba
[2014-03-02 08:04:58][ INFO][19144]>>Client OnData 43-0 >> ba
[2014-03-02 08:04:59][ INFO][19144]>>Client OnData 43-0 >> df
[2014-03-02 08:04:59][ INFO][19144]>>Client OnData 43-0 >> ad
[2014-03-02 08:04:59][ INFO][19144]>>Client OnData 43-0 >> fad
[2014-03-02 08:04:59][ INFO][19144]>>Client OnData 43-0 >> f
[2014-03-02 08:04:59][ INFO][19144]>>Client OnData 43-0 >> 
[2014-03-02 08:05:00][ INFO][19144]>>Client OnData 43-0 >> 1
[2014-03-02 08:05:00][ INFO][19144]>>Client OnData 43-0 >> 1
[2014-03-02 08:05:00][ INFO][19144]>>Client OnData 43-0 >> 
[2014-03-02 08:05:01][ INFO][19144]>>Client OnData 43-0 >> 
[2014-03-02 08:05:01][ INFO][19144]>>Client OnData 43-0 >> 1
[2014-03-02 08:05:01][ INFO][19144]>>Client OnData 43-0 >> 1
[2014-03-02 08:05:01][ INFO][19144]>>Client OnData 43-0 >> 1
[2014-03-02 08:05:01][ INFO][19144]>>Client OnData 43-0 >> 1
[2014-03-02 08:05:01][ INFO][19144]>>Client OnData 43-0 >> 1
[2014-03-02 08:05:01][ INFO][19144]>>Client OnData 43-0 >> 1
[2014-03-02 08:05:01][ INFO][19144]>>Client OnData 43-0 >> 
[2014-03-02 08:05:02][ INFO][19144]>>Client OnData 43-0 >> 1
[2014-03-02 08:05:02][ INFO][19144]>>Client OnData 43-0 >> 1
[2014-03-02 08:05:02][ INFO][19144]>>Client OnData 43-0 >> 1
[2014-03-02 08:05:02][ INFO][19144]>>Client OnData 43-0 >> 1
[2014-03-02 08:05:02][ INFO][19144]>>Client OnData 43-0 >> 
[2014-03-02 08:05:02][ INFO][19144]>>Client OnData 43-0 >> 1
[2014-03-02 08:05:02][ INFO][19144]>>Client OnData 43-0 >> 1
[2014-03-02 08:05:02][ INFO][19144]>>Client OnData 43-0 >> 1
[2014-03-02 08:05:03][ INFO][19144]>>Client OnData 43-0 >> 1
[2014-03-02 08:05:03][ INFO][19144]>>Client OnData 43-0 >> 1
[2014-03-02 08:05:03][ INFO][19144]>>Client OnData 43-0 >> 
[2014-03-02 08:05:03][ INFO][19144]>>Client OnData 43-0 >> 1
[2014-03-02 08:05:03][ INFO][19144]>>Client OnData 43-0 >> 1
[2014-03-02 08:05:03][ INFO][19144]>>Client OnData 43-0 >> 
[2014-03-02 08:05:03][ INFO][19144]>>Client OnData 43-0 >> 1
[2014-03-02 08:05:03][ INFO][19144]>>Client OnData 43-0 >> 1
[2014-03-02 08:05:04][ INFO][19144]>>Client OnData 43-0 >> 1
[2014-03-02 08:05:04][ INFO][19144]>>Client OnData 43-0 >> 
[2014-03-02 08:05:04][ INFO][19144]>>Client OnData 43-0 >> 11
[2014-03-02 08:05:04][ INFO][19144]>>Client OnData 43-0 >> 
[2014-03-02 08:05:05][ INFO][19144]>>Client OnData 43-0 >> 1
[2014-03-02 08:05:05][ INFO][19144]>>Client OnData 43-0 >> sd
[2014-03-02 08:05:05][ INFO][19144]>>Client OnData 43-0 >> f
[2014-03-02 08:05:06][ INFO][19144]>>Client OnData 43-0 >> af
[2014-03-02 08:05:06][ INFO][19144]>>Client OnData 43-0 >> a
[2014-03-02 08:05:06][ INFO][19144]>>Client OnData 43-0 >> df
[2014-03-02 08:05:06][ INFO][19144]>>Client OnData 43-0 >> a
[2014-03-02 08:05:06][ INFO][19144]>>Client OnData 43-0 >> d
[2014-03-02 08:05:06][ INFO][19144]>>Client OnData 43-0 >> f
[2014-03-02 08:05:06][ INFO][19144]>>Client OnData 43-0 >> a
[2014-03-02 08:05:07][ INFO][19144]>>Client OnData 43-0 >> df
[2014-03-02 08:05:07][ INFO][19144]>>Client OnData 43-0 >> a
[2014-03-02 08:05:07][ INFO][19144]>>Client OnData 43-0 >> df
[2014-03-02 08:05:07][ INFO][19144]>>Client OnData 43-0 >> a
[2014-03-02 08:05:07][ INFO][19144]>>Client OnData 43-0 >> f
[2014-03-02 08:05:07][ INFO][19144]>>Client OnData 43-0 >> a
[2014-03-02 08:05:07][ INFO][19144]>>Client OnData 43-0 >> f
[2014-03-02 08:05:07][ INFO][19144]>>Client OnData 43-0 >> a
[2014-03-02 08:05:08][ INFO][19144]>>Client OnData 43-0 >> df
[2014-03-02 08:05:08][ INFO][19144]>>Client OnData 43-0 >> a
[2014-03-02 08:05:09][ INFO][19144]>>Client OnData 43-0 >> dfa
[2014-03-02 08:05:27][ INFO][19144]>>Client OnData 44-0 >> 
[2014-03-02 08:05:28][ INFO][19144]>>Client OnData 44-0 >> task
[2014-03-02 08:05:36][ INFO][19144]>>Client OnData 44-0 >> boardcast abcdefg
[2014-03-02 08:06:13][ INFO][19315]>>[Server.WorkerStart] pid>>19315 master>>19309 Manager>>19311 WorkerId>>2
[2014-03-02 08:06:13][ INFO][19313]>>[Server.WorkerStart] pid>>19313 master>>19309 Manager>>19311 WorkerId>>0
[2014-03-02 08:06:13][ INFO][19320]>>[Server.WorkerStart] pid>>19320 master>>19309 Manager>>19311 WorkerId>>7
[2014-03-02 08:06:13][ INFO][19323]>>[Server.SendWorkerStart] pid>>19323 master>>19309 Manager>>19311 WorkerId>>10
[2014-03-02 08:06:13][ INFO][19318]>>[Server.WorkerStart] pid>>19318 master>>19309 Manager>>19311 WorkerId>>5
[2014-03-02 08:06:13][ INFO][19316]>>[Server.WorkerStart] pid>>19316 master>>19309 Manager>>19311 WorkerId>>3
[2014-03-02 08:06:13][ INFO][19319]>>[Server.WorkerStart] pid>>19319 master>>19309 Manager>>19311 WorkerId>>6
[2014-03-02 08:06:13][ INFO][19324]>>[Server.SendWorkerStart] pid>>19324 master>>19309 Manager>>19311 WorkerId>>11
[2014-03-02 08:06:13][ INFO][19317]>>[Server.WorkerStart] pid>>19317 master>>19309 Manager>>19311 WorkerId>>4
[2014-03-02 08:06:13][ INFO][19321]>>[Server.BoardcastWorkerStart] pid>>19321 master>>19309 Manager>>19311 WorkerId>>8
[2014-03-02 08:06:13][ INFO][19314]>>[Server.WorkerStart] pid>>19314 master>>19309 Manager>>19311 WorkerId>>1
[2014-03-02 08:06:14][ INFO][19309]>>[Server.Start] master>>19309 Manager>>19311 ver>>1.6.11
